<?xml version="1.0" encoding="UTF-8"?>
<testsuite xmlns:xsi="http://www.w3.org/2001/XMLSchema-instance" xsi:noNamespaceSchemaLocation="https://maven.apache.org/surefire/maven-surefire-plugin/xsd/surefire-test-report-3.0.xsd" version="3.0" name="AlexTest" time="0.836" tests="4" errors="0" skipped="0" failures="0">
  <properties>
[...]
</properties>
  <testcase name="testDoesHaveMane" classname="AlexTest" time="0.706"/>
  <testcase name="testGetKittens" classname="AlexTest" time="0.0"/>
  <testcase name="testGetFriends" classname="AlexTest" time="0.0"/>
  <testcase name="testGetPalacOfLiving" classname="AlexTest" time="0.0"/>
</testsuite>